
> frontend@0.1.0 start
> react-scripts start

(node:30375) [DEP0176] DeprecationWarning: fs.F_OK is deprecated, use fs.constants.F_OK instead
(Use `node --trace-deprecation ...` to show where the warning was created)
(node:30375) [DEP_WEBPACK_DEV_SERVER_ON_AFTER_SETUP_MIDDLEWARE] DeprecationWarning: 'onAfterSetupMiddleware' option is deprecated. Please use the 'setupMiddlewares' option.
(node:30375) [DEP_WEBPACK_DEV_SERVER_ON_BEFORE_SETUP_MIDDLEWARE] DeprecationWarning: 'onBeforeSetupMiddleware' option is deprecated. Please use the 'setupMiddlewares' option.
Starting the development server...

Compiled with warnings.

[eslint] 
src/services/socket.js
  Line 8:3:    'updateStudents' is defined but never used                        no-unused-vars
  Line 145:1:  Assign instance to a variable before exporting as module default  import/no-anonymous-default-export

Search for the keywords to learn more about each warning.
To ignore, add // eslint-disable-next-line to the line before.

WARNING in [eslint] 
src/services/socket.js
  Line 8:3:    'updateStudents' is defined but never used                        no-unused-vars
  Line 145:1:  Assign instance to a variable before exporting as module default  import/no-anonymous-default-export

webpack compiled with 1 warning
Compiling...
Compiled with warnings.

[eslint] 
src/services/socket.js
  Line 8:3:    'updateStudents' is defined but never used                        no-unused-vars
  Line 151:1:  Assign instance to a variable before exporting as module default  import/no-anonymous-default-export

Search for the keywords to learn more about each warning.
To ignore, add // eslint-disable-next-line to the line before.

WARNING in [eslint] 
src/services/socket.js
  Line 8:3:    'updateStudents' is defined but never used                        no-unused-vars
  Line 151:1:  Assign instance to a variable before exporting as module default  import/no-anonymous-default-export

webpack compiled with 1 warning
Compiling...
Compiled with warnings.

[eslint] 
src/services/socket.js
  Line 8:3:    'updateStudents' is defined but never used                        no-unused-vars
  Line 160:1:  Assign instance to a variable before exporting as module default  import/no-anonymous-default-export

Search for the keywords to learn more about each warning.
To ignore, add // eslint-disable-next-line to the line before.

WARNING in [eslint] 
src/services/socket.js
  Line 8:3:    'updateStudents' is defined but never used                        no-unused-vars
  Line 160:1:  Assign instance to a variable before exporting as module default  import/no-anonymous-default-export

webpack compiled with 1 warning
Compiling...
Compiled with warnings.

[eslint] 
src/components/TeacherDashboard.js
  Line 16:10:  'correctCount' is assigned a value but never used      no-unused-vars
  Line 16:24:  'setCorrectCount' is assigned a value but never used   no-unused-vars
  Line 17:10:  'totalAnswered' is assigned a value but never used     no-unused-vars
  Line 17:25:  'setTotalAnswered' is assigned a value but never used  no-unused-vars

src/services/socket.js
  Line 8:3:    'updateStudents' is defined but never used                        no-unused-vars
  Line 160:1:  Assign instance to a variable before exporting as module default  import/no-anonymous-default-export

Search for the keywords to learn more about each warning.
To ignore, add // eslint-disable-next-line to the line before.

WARNING in [eslint] 
src/components/TeacherDashboard.js
  Line 16:10:  'correctCount' is assigned a value but never used      no-unused-vars
  Line 16:24:  'setCorrectCount' is assigned a value but never used   no-unused-vars
  Line 17:10:  'totalAnswered' is assigned a value but never used     no-unused-vars
  Line 17:25:  'setTotalAnswered' is assigned a value but never used  no-unused-vars

src/services/socket.js
  Line 8:3:    'updateStudents' is defined but never used                        no-unused-vars
  Line 160:1:  Assign instance to a variable before exporting as module default  import/no-anonymous-default-export

webpack compiled with 1 warning
Compiling...
Compiled with warnings.

[eslint] 
src/components/TeacherDashboard.js
  Line 16:10:  'correctCount' is assigned a value but never used      no-unused-vars
  Line 16:24:  'setCorrectCount' is assigned a value but never used   no-unused-vars
  Line 17:10:  'totalAnswered' is assigned a value but never used     no-unused-vars
  Line 17:25:  'setTotalAnswered' is assigned a value but never used  no-unused-vars

src/services/socket.js
  Line 8:3:    'updateStudents' is defined but never used                        no-unused-vars
  Line 160:1:  Assign instance to a variable before exporting as module default  import/no-anonymous-default-export

Search for the keywords to learn more about each warning.
To ignore, add // eslint-disable-next-line to the line before.

WARNING in [eslint] 
src/components/TeacherDashboard.js
  Line 16:10:  'correctCount' is assigned a value but never used      no-unused-vars
  Line 16:24:  'setCorrectCount' is assigned a value but never used   no-unused-vars
  Line 17:10:  'totalAnswered' is assigned a value but never used     no-unused-vars
  Line 17:25:  'setTotalAnswered' is assigned a value but never used  no-unused-vars

src/services/socket.js
  Line 8:3:    'updateStudents' is defined but never used                        no-unused-vars
  Line 160:1:  Assign instance to a variable before exporting as module default  import/no-anonymous-default-export

webpack compiled with 1 warning
Compiling...
Compiled with warnings.

[eslint] 
src/components/StudentDashboard.js
  Line 21:10:  'submittedPaper' is assigned a value but never used     no-unused-vars
  Line 21:26:  'setSubmittedPaper' is assigned a value but never used  no-unused-vars

src/components/TeacherDashboard.js
  Line 16:10:  'correctCount' is assigned a value but never used      no-unused-vars
  Line 16:24:  'setCorrectCount' is assigned a value but never used   no-unused-vars
  Line 17:10:  'totalAnswered' is assigned a value but never used     no-unused-vars
  Line 17:25:  'setTotalAnswered' is assigned a value but never used  no-unused-vars

src/services/socket.js
  Line 8:3:    'updateStudents' is defined but never used                        no-unused-vars
  Line 160:1:  Assign instance to a variable before exporting as module default  import/no-anonymous-default-export

Search for the keywords to learn more about each warning.
To ignore, add // eslint-disable-next-line to the line before.

WARNING in [eslint] 
src/components/StudentDashboard.js
  Line 21:10:  'submittedPaper' is assigned a value but never used     no-unused-vars
  Line 21:26:  'setSubmittedPaper' is assigned a value but never used  no-unused-vars

src/components/TeacherDashboard.js
  Line 16:10:  'correctCount' is assigned a value but never used      no-unused-vars
  Line 16:24:  'setCorrectCount' is assigned a value but never used   no-unused-vars
  Line 17:10:  'totalAnswered' is assigned a value but never used     no-unused-vars
  Line 17:25:  'setTotalAnswered' is assigned a value but never used  no-unused-vars

src/services/socket.js
  Line 8:3:    'updateStudents' is defined but never used                        no-unused-vars
  Line 160:1:  Assign instance to a variable before exporting as module default  import/no-anonymous-default-export

webpack compiled with 1 warning
Compiling...
Compiled with warnings.

[eslint] 
src/components/StudentDashboard.js
  Line 21:10:  'submittedPaper' is assigned a value but never used     no-unused-vars
  Line 101:9:  'handleSubmitPaper' is assigned a value but never used  no-unused-vars

src/components/TeacherDashboard.js
  Line 16:10:  'correctCount' is assigned a value but never used      no-unused-vars
  Line 16:24:  'setCorrectCount' is assigned a value but never used   no-unused-vars
  Line 17:10:  'totalAnswered' is assigned a value but never used     no-unused-vars
  Line 17:25:  'setTotalAnswered' is assigned a value but never used  no-unused-vars

src/services/socket.js
  Line 8:3:    'updateStudents' is defined but never used                        no-unused-vars
  Line 160:1:  Assign instance to a variable before exporting as module default  import/no-anonymous-default-export

Search for the keywords to learn more about each warning.
To ignore, add // eslint-disable-next-line to the line before.

WARNING in [eslint] 
src/components/StudentDashboard.js
  Line 21:10:  'submittedPaper' is assigned a value but never used     no-unused-vars
  Line 101:9:  'handleSubmitPaper' is assigned a value but never used  no-unused-vars

src/components/TeacherDashboard.js
  Line 16:10:  'correctCount' is assigned a value but never used      no-unused-vars
  Line 16:24:  'setCorrectCount' is assigned a value but never used   no-unused-vars
  Line 17:10:  'totalAnswered' is assigned a value but never used     no-unused-vars
  Line 17:25:  'setTotalAnswered' is assigned a value but never used  no-unused-vars

src/services/socket.js
  Line 8:3:    'updateStudents' is defined but never used                        no-unused-vars
  Line 160:1:  Assign instance to a variable before exporting as module default  import/no-anonymous-default-export

webpack compiled with 1 warning
Compiling...
Compiled with warnings.

[eslint] 
src/components/TeacherDashboard.js
  Line 16:10:  'correctCount' is assigned a value but never used      no-unused-vars
  Line 16:24:  'setCorrectCount' is assigned a value but never used   no-unused-vars
  Line 17:10:  'totalAnswered' is assigned a value but never used     no-unused-vars
  Line 17:25:  'setTotalAnswered' is assigned a value but never used  no-unused-vars

src/services/socket.js
  Line 8:3:    'updateStudents' is defined but never used                        no-unused-vars
  Line 160:1:  Assign instance to a variable before exporting as module default  import/no-anonymous-default-export

Search for the keywords to learn more about each warning.
To ignore, add // eslint-disable-next-line to the line before.

WARNING in [eslint] 
src/components/TeacherDashboard.js
  Line 16:10:  'correctCount' is assigned a value but never used      no-unused-vars
  Line 16:24:  'setCorrectCount' is assigned a value but never used   no-unused-vars
  Line 17:10:  'totalAnswered' is assigned a value but never used     no-unused-vars
  Line 17:25:  'setTotalAnswered' is assigned a value but never used  no-unused-vars

src/services/socket.js
  Line 8:3:    'updateStudents' is defined but never used                        no-unused-vars
  Line 160:1:  Assign instance to a variable before exporting as module default  import/no-anonymous-default-export

webpack compiled with 1 warning
